2021-12-14 19:06:42,209-simple_logger-INFO-添加的联系人是黄晶，手机号码是13195758019
2021-12-14 19:07:38,706-simple_logger-INFO-添加的联系人是陈强，手机号码是15972380696
2021-12-14 19:07:38,706-simple_logger-INFO-添加的联系人是陈强，手机号码是15972380696
2021-12-14 22:10:17,931-simple_logger-INFO-添加的联系人是张欢，手机号码是13156208580
2021-12-14 22:10:58,515-simple_logger-INFO-添加的联系人是王海燕，手机号码是13668228837
2021-12-14 22:10:58,515-simple_logger-INFO-添加的联系人是王海燕，手机号码是13668228837
2021-12-14 22:21:29,129-simple_logger-INFO-添加的联系人是张红，手机号码是15327997298
2021-12-14 22:22:11,081-simple_logger-INFO-添加的联系人是梁萍，手机号码是15025901661
2021-12-14 22:22:11,081-simple_logger-INFO-添加的联系人是梁萍，手机号码是15025901661
2021-12-14 22:32:16,107-simple_logger-INFO-添加的联系人是黄燕，手机号码是15201905675
2021-12-14 22:32:59,165-simple_logger-INFO-添加的联系人是江桂荣，手机号码是18859017172
2021-12-14 22:32:59,165-simple_logger-INFO-添加的联系人是江桂荣，手机号码是18859017172
2021-12-14 22:40:45,258-simple_logger-INFO-添加的联系人是傅玲，手机号码是13232217049
2021-12-14 22:41:29,628-simple_logger-INFO-添加的联系人是段秀梅，手机号码是15903670207
2021-12-14 22:41:29,628-simple_logger-INFO-添加的联系人是段秀梅，手机号码是15903670207
2021-12-14 22:49:11,390-simple_logger-INFO-添加的联系人是朱亮，手机号码是13171456557
2021-12-14 22:49:55,523-simple_logger-INFO-添加的联系人是李建华，手机号码是13300778204
2021-12-14 22:49:55,523-simple_logger-INFO-添加的联系人是李建华，手机号码是13300778204
2021-12-14 22:51:58,127-simple_logger-INFO-添加的联系人是李欢，手机号码是15641057051
2021-12-14 22:52:43,406-simple_logger-INFO-添加的联系人是孙婷婷，手机号码是15174179500
2021-12-14 22:52:43,406-simple_logger-INFO-添加的联系人是孙婷婷，手机号码是15174179500
2021-12-15 09:51:08,241-simple_logger-INFO-添加的联系人是曲平，手机号码是14739129768
2021-12-15 09:51:55,213-simple_logger-INFO-添加的联系人是陈涛，手机号码是15379474957
2021-12-15 09:51:55,213-simple_logger-INFO-添加的联系人是陈涛，手机号码是15379474957
2021-12-15 10:13:05,778-simple_logger-INFO-添加的联系人是薛桂香，手机号码是15762326584
2021-12-15 10:13:52,869-simple_logger-INFO-添加的联系人是李霞，手机号码是15101915991
2021-12-15 10:13:52,869-simple_logger-INFO-添加的联系人是李霞，手机号码是15101915991
2021-12-15 10:32:00,353-simple_logger-INFO-添加的联系人是刘洁，手机号码是13398223315
2021-12-15 10:32:38,144-simple_logger-INFO-添加的联系人是宁宇，手机号码是13964171139
2021-12-15 10:32:38,144-simple_logger-INFO-添加的联系人是宁宇，手机号码是13964171139
